<?xml version="1.0" encoding="UTF-8"?>
<!-- Generated by org.testng.reporters.JUnitReportReporter -->
<<<<<<< HEAD
<testsuite hostname="Ban" failures="0" tests="1" name="com.group3.CRMtests.OpportunityTest" time="0.301" errors="0" timestamp="2025-07-23T09:53:07 PDT" skipped="0">
  <testcase classname="com.group3.CRMtests.OpportunityTest" name="test" time="0.301"/>
=======
<testsuite hostname="DESKTOP-55AGDFG" failures="0" tests="1" name="com.group3.CRMtests.OpportunityTest" time="0.014" errors="0" timestamp="2025-07-23T09:48:47 PDT" skipped="0">
  <testcase classname="com.group3.CRMtests.OpportunityTest" name="test" time="0.014"/>
  <system-out/>
>>>>>>> branch 'main' of https://github.com/CRM-group3/ninzaCRMRepo.git
</testsuite> <!-- com.group3.CRMtests.OpportunityTest -->
