<?xml version="1.0" encoding="UTF-8"?>
<!-- Generated by org.testng.reporters.JUnitReportReporter -->
<<<<<<< HEAD
<testsuite hostname="DESKTOP-HUI6R7L" failures="0" tests="1" name="com.group3.CRMtests.OpportunityTest" time="0.005" errors="0" timestamp="2025-07-23T22:42:42 PDT" skipped="0">
  <testcase classname="com.group3.CRMtests.OpportunityTest" name="test" time="0.005"/>
=======
<<<<<<< HEAD
<testsuite hostname="meenuz" failures="0" tests="1" name="com.group3.CRMtests.OpportunityTest" time="0.321" errors="0" timestamp="2025-07-23T12:28:24 CDT" skipped="0">
  <testcase classname="com.group3.CRMtests.OpportunityTest" name="test" time="0.321"/>
=======
<testsuite hostname="DESKTOP-55AGDFG" failures="0" tests="1" name="com.group3.CRMtests.OpportunityTest" time="0.014" errors="0" timestamp="2025-07-23T09:48:47 PDT" skipped="0">
  <testcase classname="com.group3.CRMtests.OpportunityTest" name="test" time="0.014"/>
>>>>>>> 5017ebe70f363b22d5c32dee598c9deaa0d44adb
>>>>>>> 808a7be3f63646efd797508a5d3a1145aa44cc35
  <system-out/>
</testsuite> <!-- com.group3.CRMtests.OpportunityTest -->
