<?xml version="1.0" encoding="UTF-8"?>
<!-- Generated by org.testng.reporters.JUnitReportReporter -->
<testsuite hostname="DESKTOP-HUI6R7L" failures="0" tests="1" name="com.group3.CRMpages.AddContactsPage" time="26.487" errors="0" timestamp="2025-07-22T09:21:09 PDT" skipped="0">
  <testcase classname="com.group3.CRMpages.AddContactsPage" name="login" time="26.487"/>
</testsuite> <!-- com.group3.CRMpages.AddContactsPage -->
