<?xml version="1.0" encoding="UTF-8"?>
<!-- Generated by org.testng.reporters.JUnitReportReporter -->
<testsuite hostname="Snehas-MacBook-Pro.local" failures="0" tests="1" name="com.group3.CRMtests.OpportunityTest" time="0.262" errors="0" timestamp="2025-07-22T20:58:28 PDT" skipped="0">
  <testcase classname="com.group3.CRMtests.OpportunityTest" name="test" time="0.262"/>
</testsuite> <!-- com.group3.CRMtests.OpportunityTest -->
