<?xml version="1.0" encoding="UTF-8"?>
<!-- Generated by org.testng.reporters.JUnitReportReporter -->
<testsuite hostname="Snehas-MacBook-Pro.local" failures="0" tests="1" name="com.group3.CRMtests.LoginTest" time="10.382" errors="0" timestamp="2025-07-24T09:22:52 PDT" skipped="0">
  <testcase classname="com.group3.CRMtests.LoginTest" name="login" time="10.382"/>
</testsuite> <!-- com.group3.CRMtests.LoginTest -->
